<?xml version="1.0" encoding="UTF-8"?>
<testsuite name="de.tudresden.inf.mci.brailleplot.AppTest" tests="1" skipped="0" failures="0" errors="0" timestamp="2019-05-31T08:18:40" hostname="edr24992.dip.tu-dresden.de" time="0.002">
  <properties/>
  <testcase name="testAppHasAGreeting" classname="de.tudresden.inf.mci.brailleplot.AppTest" time="0.002"/>
  <system-out><![CDATA[]]></system-out>
  <system-err><![CDATA[]]></system-err>
</testsuite>
